Determining if the pthread_create exist failed with the following output:
Change Dir: /home/cherry/ME336/ME336-2021Spring/deepclaw/driver/arms/franka/RobotDirver/build2/CMakeFiles/CMakeTmp

Run Build Command:"/usr/bin/make" "cmTC_41c99/fast"
/usr/bin/make -f CMakeFiles/cmTC_41c99.dir/build.make CMakeFiles/cmTC_41c99.dir/build
make[1]: 进入目录“/home/cherry/ME336/ME336-2021Spring/deepclaw/driver/arms/franka/RobotDirver/build2/CMakeFiles/CMakeTmp”
Building C object CMakeFiles/cmTC_41c99.dir/CheckSymbolExists.c.o
/usr/bin/cc    -o CMakeFiles/cmTC_41c99.dir/CheckSymbolExists.c.o   -c /home/cherry/ME336/ME336-2021Spring/deepclaw/driver/arms/franka/RobotDirver/build2/CMakeFiles/CMakeTmp/CheckSymbolExists.c
Linking C executable cmTC_41c99
/usr/bin/cmake -E cmake_link_script CMakeFiles/cmTC_41c99.dir/link.txt --verbose=1
/usr/bin/cc      CMakeFiles/cmTC_41c99.dir/CheckSymbolExists.c.o  -o cmTC_41c99 
CMakeFiles/cmTC_41c99.dir/CheckSymbolExists.c.o：在函数‘main’中：
CheckSymbolExists.c:(.text+0x1b)：对‘pthread_create’未定义的引用
collect2: error: ld returned 1 exit status
CMakeFiles/cmTC_41c99.dir/build.make:97: recipe for target 'cmTC_41c99' failed
make[1]: *** [cmTC_41c99] Error 1
make[1]: 离开目录“/home/cherry/ME336/ME336-2021Spring/deepclaw/driver/arms/franka/RobotDirver/build2/CMakeFiles/CMakeTmp”
Makefile:126: recipe for target 'cmTC_41c99/fast' failed
make: *** [cmTC_41c99/fast] Error 2

File /home/cherry/ME336/ME336-2021Spring/deepclaw/driver/arms/franka/RobotDirver/build2/CMakeFiles/CMakeTmp/CheckSymbolExists.c:
/* */
#include <pthread.h>

int main(int argc, char** argv)
{
  (void)argv;
#ifndef pthread_create
  return ((int*)(&pthread_create))[argc];
#else
  (void)argc;
  return 0;
#endif
}

